<?xml version="1.0" encoding="UTF-8"?>
<!-- Generated by org.testng.reporters.JUnitReportReporter -->
<testsuite skipped="0" hostname="DESKTOP-68J3LRG" name="com.employee.testcases.GetAllEmployees" tests="9" failures="0" timestamp="21 Jun 2020 14:40:11 GMT" time="0.231" errors="0">
  <testcase name="checkstatuscode" time="0.005" classname="com.employee.testcases.GetAllEmployees"/>
  <testcase name="checkrepsonseBody" time="0.066" classname="com.employee.testcases.GetAllEmployees"/>
  <testcase name="checkContentType" time="0.004" classname="com.employee.testcases.GetAllEmployees"/>
  <testcase name="checkContentLenght" time="0.129" classname="com.employee.testcases.GetAllEmployees"/>
  <testcase name="checkstatusLine" time="0.007" classname="com.employee.testcases.GetAllEmployees"/>
  <testcase name="checkresponsetime" time="0.006" classname="com.employee.testcases.GetAllEmployees"/>
  <testcase name="checkCookies" time="0.004" classname="com.employee.testcases.GetAllEmployees"/>
  <testcase name="checkcontentEncoding" time="0.006" classname="com.employee.testcases.GetAllEmployees"/>
  <testcase name="checkserverType" time="0.004" classname="com.employee.testcases.GetAllEmployees"/>
</testsuite> <!-- com.employee.testcases.GetAllEmployees -->
