<?xml version="1.0" encoding="UTF-8"?>
<!-- Generated by org.testng.reporters.JUnitReportReporter -->
<testsuite skipped="0" hostname="DESKTOP-68J3LRG" name="NONBDDApproach.GET_REQUEST_ANOTHERDEMO" tests="1" failures="0" timestamp="20 Jun 2020 07:32:30 GMT" time="2.887" errors="0">
  <testcase name="getreqest" time="2.887" classname="NONBDDApproach.GET_REQUEST_ANOTHERDEMO"/>
</testsuite> <!-- NONBDDApproach.GET_REQUEST_ANOTHERDEMO -->
