<?xml version="1.0" encoding="UTF-8"?>
<!-- Generated by org.testng.reporters.JUnitReportReporter -->
<testsuite skipped="0" hostname="DESKTOP-68J3LRG" name="NONBDDApproach.Datadriventest_addnewemployees" tests="3" failures="0" timestamp="20 Jun 2020 13:07:08 GMT" time="5.268" errors="0">
  <testcase name="addnewemployees" time="3.459" classname="NONBDDApproach.Datadriventest_addnewemployees"/>
  <testcase name="addnewemployees" time="0.929" classname="NONBDDApproach.Datadriventest_addnewemployees"/>
  <testcase name="addnewemployees" time="0.880" classname="NONBDDApproach.Datadriventest_addnewemployees"/>
</testsuite> <!-- NONBDDApproach.Datadriventest_addnewemployees -->
