<?xml version="1.0" encoding="UTF-8"?>
<!-- Generated by org.testng.reporters.JUnitReportReporter -->
<testsuite skipped="0" hostname="DESKTOP-68J3LRG" name="NONBDDApproach.GET_REQUEST" tests="1" failures="0" timestamp="20 Jun 2020 07:11:23 GMT" time="3.151" errors="0">
  <testcase name="getweatherdetails" time="3.151" classname="NONBDDApproach.GET_REQUEST"/>
</testsuite> <!-- NONBDDApproach.GET_REQUEST -->
