<?xml version="1.0" encoding="UTF-8"?>
<!-- Generated by org.testng.reporters.JUnitReportReporter -->
<testsuite skipped="0" hostname="DESKTOP-68J3LRG" name="NONBDDApproach.TC007_AUTHORIZARION_GET" tests="1" failures="0" timestamp="20 Jun 2020 09:39:55 GMT" time="2.206" errors="0">
  <testcase name="checkauthorization" time="2.206" classname="NONBDDApproach.TC007_AUTHORIZARION_GET"/>
</testsuite> <!-- NONBDDApproach.TC007_AUTHORIZARION_GET -->
