<?xml version="1.0" encoding="UTF-8"?>
<!-- Generated by org.testng.reporters.JUnitReportReporter -->
<testsuite skipped="0" hostname="DESKTOP-68J3LRG" name="NONBDDApproach.POST_REQUEST" tests="1" failures="0" timestamp="19 Jun 2020 10:08:47 GMT" time="3.012" errors="0">
  <testcase name="Registrationsuccessful" time="3.012" classname="NONBDDApproach.POST_REQUEST"/>
</testsuite> <!-- NONBDDApproach.POST_REQUEST -->
