<?xml version="1.0" encoding="UTF-8"?>
<!-- Generated by org.testng.reporters.JUnitReportReporter -->
<testsuite skipped="0" hostname="DESKTOP-68J3LRG" name="NONBDDApproach.GET_extractingeachvaluesfromnode" tests="1" failures="0" timestamp="20 Jun 2020 07:45:53 GMT" time="3.030" errors="0">
  <testcase name="get" time="3.030" classname="NONBDDApproach.GET_extractingeachvaluesfromnode"/>
</testsuite> <!-- NONBDDApproach.GET_extractingeachvaluesfromnode -->
